<?xml version="1.0" encoding="UTF-8"?>
<!-- Generated by org.testng.reporters.JUnitXMLReporter -->
<testsuite ignored="0" hostname="DESKTOP-82DI2KI" failures="1" tests="13" name="Test" time="116.656" errors="0" timestamp="2024-03-26T03:44:46 IST">
  <testcase classname="testCase.Autocomplete" name="AutoTest" time="6.199"/>
  <testcase classname="testCase.Button" name="ButtonTest" time="10.175"/>
  <testcase classname="testCase.Checkbox" name="CheckboxTest" time="0.376"/>
  <testcase classname="testCase.DatePicker" name="DatePickTest" time="3.786"/>
  <testcase classname="testCase.DragAndDrop" name="DragNDroptest" time="5.027">
    <failure type="org.openqa.selenium.InvalidSelectorException" message="Compound class names not permitted
For documentation on this error, please visit: https://www.selenium.dev/documentation/webdriver/troubleshooting/errors#invalid-selector-exception
Build info: version: &amp;apos;4.18.1&amp;apos;, revision: &amp;apos;b1d3319b48&amp;apos;
System info: os.name: &amp;apos;Windows 10&amp;apos;, os.arch: &amp;apos;amd64&amp;apos;, os.version: &amp;apos;10.0&amp;apos;, java.version: &amp;apos;17.0.10&amp;apos;
Driver info: driver.version: unknown">
      <![CDATA[org.openqa.selenium.InvalidSelectorException: Compound class names not permitted
For documentation on this error, please visit: https://www.selenium.dev/documentation/webdriver/troubleshooting/errors#invalid-selector-exception
Build info: version: '4.18.1', revision: 'b1d3319b48'
System info: os.name: 'Windows 10', os.arch: 'amd64', os.version: '10.0', java.version: '17.0.10'
Driver info: driver.version: unknown
at org.openqa.selenium.By$ByClassName.<init>(By.java:309)
at org.openqa.selenium.By.className(By.java:100)
at testCase.DragAndDrop.DragNDroptest(DragAndDrop.java:18)
at java.base/java.util.ArrayList.forEach(ArrayList.java:1511)
... Removed 27 stack frames]]>
    </failure>
  </testcase> <!-- DragNDroptest -->
  <testcase classname="testCase.Dropdown" name="DropNTest" time="8.386"/>
  <testcase classname="testCase.EnableElement" name="EnableNDisable" time="4.336"/>
  <testcase classname="testCase.KeyAndMouse" name="KeyMouse" time="5.33"/>
  <testcase classname="testCase.Modal" name="ModalTest" time="2.319"/>
  <testcase classname="testCase.PageScroll" name="PageScrollTest" time="4.347"/>
  <testcase classname="testCase.RadioButton" name="RadioTest" time="3.073"/>
  <testcase classname="testCase.SwitchWindow" name="WindowTest" time="14.439"/>
  <testcase classname="testCase.CompleteForm" name="FormTest" time="11.78"/>
</testsuite> <!-- Test -->
